2024-08-19 11:34:31.959 [info] Extension host with pid 10258 started
2024-08-19 11:34:31.966 [info] Lock '/workspace/.vscode-remote/data/User/workspaceStorage/3f39adc5/vscode.lock': Lock acquired.
2024-08-19 11:34:32.561 [info] ExtensionService#_doActivateExtension gitpod.gitpod-web, startup: false, activationEvent: 'onAuthenticationRequest:gitpod'
2024-08-19 11:34:33.322 [info] ExtensionService#_doActivateExtension vscode.git-base, startup: true, activationEvent: '*', root cause: vscode.git
2024-08-19 11:34:33.657 [info] ExtensionService#_doActivateExtension vscode.git, startup: true, activationEvent: '*'
2024-08-19 11:34:33.657 [info] ExtensionService#_doActivateExtension vscode.github, startup: true, activationEvent: '*'
2024-08-19 11:34:34.253 [info] ExtensionService#_doActivateExtension redhat.vscode-yaml, startup: false, activationEvent: 'onLanguage:yaml'
2024-08-19 11:34:34.253 [info] ExtensionService#_doActivateExtension vscode.emmet, startup: false, activationEvent: 'onLanguage'
2024-08-19 11:34:34.361 [info] Eager extensions activated
2024-08-19 11:34:34.361 [info] ExtensionService#_doActivateExtension vscode.debug-auto-launch, startup: false, activationEvent: 'onStartupFinished'
2024-08-19 11:34:34.362 [info] ExtensionService#_doActivateExtension vscode.merge-conflict, startup: false, activationEvent: 'onStartupFinished'
2024-08-19 11:34:34.362 [info] ExtensionService#_doActivateExtension vscode.github-authentication, startup: false, activationEvent: 'onStartupFinished', root cause: GitHub.vscode-pull-request-github
2024-08-19 11:34:34.762 [info] ExtensionService#_doActivateExtension GitHub.vscode-pull-request-github, startup: false, activationEvent: 'onStartupFinished'
2024-08-19 11:34:35.002 [warning] [redhat.vscode-yaml] Accessing a resource scoped configuration without providing a resource is not expected. To get the effective value for '[yaml]', provide the URI of a resource or 'null' for any resource.
2024-08-19 11:34:35.002 [warning] [redhat.vscode-yaml] Accessing a resource scoped configuration without providing a resource is not expected. To get the effective value for '[yaml]', provide the URI of a resource or 'null' for any resource.
2024-08-19 11:34:36.241 [info] ExtensionService#_doActivateExtension vscode.configuration-editing, startup: false, activationEvent: 'onLanguage:jsonc'
2024-08-19 11:34:36.241 [info] ExtensionService#_doActivateExtension vscode.json-language-features, startup: false, activationEvent: 'onLanguage:jsonc'
2024-08-19 11:34:36.242 [info] ExtensionService#_doActivateExtension vscode.typescript-language-features, startup: false, activationEvent: 'onLanguage:jsonc'
2024-08-19 11:34:50.196 [info] ExtensionService#_doActivateExtension CodeRoad.coderoad, startup: false, activationEvent: 'onCommand:coderoad.start'
2024-08-19 11:34:54.406 [warning] [Decorations] CAPPING events from decorations provider vscode.git 1072
2024-08-19 11:34:54.458 [warning] [Decorations] CAPPING events from decorations provider vscode.git 1072
2024-08-19 11:34:57.967 [warning] [redhat.vscode-yaml] Accessing a resource scoped configuration without providing a resource is not expected. To get the effective value for '[yaml]', provide the URI of a resource or 'null' for any resource.
2024-08-19 11:35:00.909 [warning] [Decorations] CAPPING events from decorations provider vscode.git 1074
2024-08-19 11:35:05.954 [warning] [Decorations] CAPPING events from decorations provider vscode.git 1074
2024-08-19 11:35:39.444 [warning] [Decorations] CAPPING events from decorations provider vscode.git 1073
2024-08-19 11:35:44.479 [warning] [Decorations] CAPPING events from decorations provider vscode.git 1073
2024-08-19 11:35:49.512 [warning] [Decorations] CAPPING events from decorations provider vscode.git 1073
2024-08-19 11:35:54.548 [warning] [Decorations] CAPPING events from decorations provider vscode.git 1073
2024-08-19 11:35:58.741 [warning] [redhat.vscode-yaml] Accessing a resource scoped configuration without providing a resource is not expected. To get the effective value for '[yaml]', provide the URI of a resource or 'null' for any resource.
2024-08-19 11:35:58.742 [warning] [redhat.vscode-yaml] Accessing a resource scoped configuration without providing a resource is not expected. To get the effective value for '[yaml]', provide the URI of a resource or 'null' for any resource.
2024-08-19 11:35:59.586 [warning] [Decorations] CAPPING events from decorations provider vscode.git 1073
2024-08-19 11:36:04.621 [warning] [Decorations] CAPPING events from decorations provider vscode.git 1073
2024-08-19 11:36:08.122 [warning] vscode.json-language-features - Code actions of kind 'source.fixAll' requested but returned code action is of kind 'source.sort.json'. Code action will be dropped. Please check 'CodeActionContext.only' to only return requested code actions.
2024-08-19 11:36:09.651 [warning] [Decorations] CAPPING events from decorations provider vscode.git 1073
2024-08-19 11:36:10.083 [warning] [redhat.vscode-yaml] Accessing a resource scoped configuration without providing a resource is not expected. To get the effective value for '[yaml]', provide the URI of a resource or 'null' for any resource.
