2024-08-19 11:34:34.384 [info] [main] Log level: Info
2024-08-19 11:34:34.385 [info] [main] Validating found git in: "git"
2024-08-19 11:34:34.385 [info] [main] Using git "2.43.0" from "git"
2024-08-19 11:34:34.385 [info] [Model][doInitialScan] Initial repository scan started
2024-08-19 11:34:34.385 [info] > git rev-parse --show-toplevel [2ms]
2024-08-19 11:34:34.385 [info] fatal: not a git repository (or any parent up to mount point /)
Stopping at filesystem boundary (GIT_DISCOVERY_ACROSS_FILESYSTEM not set).
2024-08-19 11:34:34.385 [info] > git rev-parse --show-toplevel [2ms]
2024-08-19 11:34:34.385 [info] fatal: not a git repository (or any parent up to mount point /)
Stopping at filesystem boundary (GIT_DISCOVERY_ACROSS_FILESYSTEM not set).
2024-08-19 11:34:34.385 [info] > git rev-parse --show-toplevel [1ms]
2024-08-19 11:34:34.385 [info] fatal: not a git repository (or any parent up to mount point /)
Stopping at filesystem boundary (GIT_DISCOVERY_ACROSS_FILESYSTEM not set).
2024-08-19 11:34:34.385 [info] > git rev-parse --show-toplevel [1ms]
2024-08-19 11:34:34.385 [info] fatal: not a git repository (or any parent up to mount point /)
Stopping at filesystem boundary (GIT_DISCOVERY_ACROSS_FILESYSTEM not set).
2024-08-19 11:34:34.385 [info] > git rev-parse --show-toplevel [1ms]
2024-08-19 11:34:34.385 [info] fatal: not a git repository (or any parent up to mount point /)
Stopping at filesystem boundary (GIT_DISCOVERY_ACROSS_FILESYSTEM not set).
2024-08-19 11:34:34.385 [info] > git rev-parse --show-toplevel [1ms]
2024-08-19 11:34:34.385 [info] fatal: not a git repository (or any parent up to mount point /)
Stopping at filesystem boundary (GIT_DISCOVERY_ACROSS_FILESYSTEM not set).
2024-08-19 11:34:34.385 [info] > git rev-parse --show-toplevel [2ms]
2024-08-19 11:34:34.385 [info] > git rev-parse --git-dir --git-common-dir [1ms]
2024-08-19 11:34:34.385 [info] [Model][openRepository] Opened repository: /workspace/project
2024-08-19 11:34:34.385 [info] [Model][doInitialScan] Initial repository scan completed - repositories (1), closed repositories (0), parent repositories (0), unsafe repositories (0)
2024-08-19 11:34:34.385 [info] > git config --get commit.template [6ms]
2024-08-19 11:34:34.385 [info] > git for-each-ref --format=%(refname)%00%(upstream:short)%00%(objectname)%00%(upstream:track)%00%(upstream:remotename)%00%(upstream:remoteref) refs/heads/main refs/remotes/main [3ms]
2024-08-19 11:34:34.385 [warning] [Git][revParse] Unable to read file: ENOENT: no such file or directory, open '/workspace/project/.git/refs/remotes/origin/main'
2024-08-19 11:34:34.385 [info] > git rev-parse refs/remotes/origin/main [2ms]
2024-08-19 11:34:34.385 [info] > git status -z -uall [2ms]
2024-08-19 11:34:34.385 [info] > git for-each-ref --format=%(refname)%00%(upstream:short)%00%(objectname)%00%(upstream:track)%00%(upstream:remotename)%00%(upstream:remoteref) refs/heads/main refs/remotes/main [9ms]
2024-08-19 11:34:34.385 [info] > git config --get commit.template [6ms]
2024-08-19 11:34:34.385 [info] > git config --local branch.main.vscode-merge-base [6ms]
2024-08-19 11:34:34.385 [info] > git for-each-ref --format=%(refname)%00%(upstream:short)%00%(objectname)%00%(upstream:track)%00%(upstream:remotename)%00%(upstream:remoteref) refs/heads/main refs/remotes/main [6ms]
2024-08-19 11:34:34.385 [warning] [Git][revParse] Unable to read file: ENOENT: no such file or directory, open '/workspace/project/.git/refs/remotes/origin/main'
2024-08-19 11:34:34.385 [info] > git for-each-ref --format=%(refname)%00%(upstream:short)%00%(objectname)%00%(upstream:track)%00%(upstream:remotename)%00%(upstream:remoteref) refs/heads/origin/main refs/remotes/origin/main [6ms]
2024-08-19 11:34:34.385 [info] > git rev-parse refs/remotes/origin/main [7ms]
2024-08-19 11:34:34.385 [info] > git merge-base refs/heads/main refs/remotes/origin/main [6ms]
2024-08-19 11:34:34.385 [info] > git status -z -uall [6ms]
2024-08-19 11:34:34.385 [info] > git rev-list --count --left-right refs/heads/main...refs/remotes/origin/main [8ms]
2024-08-19 11:34:34.385 [info] > git for-each-ref --format=%(refname)%00%(upstream:short)%00%(objectname)%00%(upstream:track)%00%(upstream:remotename)%00%(upstream:remoteref) refs/heads/main refs/remotes/main [7ms]
2024-08-19 11:34:34.385 [info] > git diff --name-status -z --diff-filter=ADMR ebef6c6b5a5bd079e5abd81c2740b1261740ce15...refs/remotes/origin/main [7ms]
2024-08-19 11:34:34.385 [info] > git config --local branch.main.vscode-merge-base [2ms]
2024-08-19 11:34:34.385 [info] > git for-each-ref --format=%(refname)%00%(upstream:short)%00%(objectname)%00%(upstream:track)%00%(upstream:remotename)%00%(upstream:remoteref) refs/heads/origin/main refs/remotes/origin/main [2ms]
2024-08-19 11:34:34.901 [info] > git check-ignore -v -z --stdin [2ms]
2024-08-19 11:34:40.711 [info] > git config --get commit.template [7ms]
2024-08-19 11:34:40.713 [info] > git for-each-ref --format=%(refname)%00%(upstream:short)%00%(objectname)%00%(upstream:track)%00%(upstream:remotename)%00%(upstream:remoteref) refs/heads/main refs/remotes/main [3ms]
2024-08-19 11:34:40.720 [warning] [Git][revParse] Unable to read file: ENOENT: no such file or directory, open '/workspace/project/.git/refs/remotes/origin/main'
2024-08-19 11:34:40.721 [info] > git rev-parse refs/remotes/origin/main [1ms]
2024-08-19 11:34:40.730 [info] > git status -z -uall [3ms]
2024-08-19 11:34:40.741 [info] > git for-each-ref --format=%(refname)%00%(upstream:short)%00%(objectname)%00%(upstream:track)%00%(upstream:remotename)%00%(upstream:remoteref) refs/heads/main refs/remotes/main [4ms]
2024-08-19 11:34:40.749 [info] > git config --local branch.main.vscode-merge-base [2ms]
2024-08-19 11:34:40.758 [info] > git for-each-ref --format=%(refname)%00%(upstream:short)%00%(objectname)%00%(upstream:track)%00%(upstream:remotename)%00%(upstream:remoteref) refs/heads/origin/main refs/remotes/origin/main [2ms]
2024-08-19 11:34:41.298 [info] > git config --local branch.main.github-pr-owner-number [2ms]
2024-08-19 11:34:41.298 [warning] [Git][config] git config failed: Failed to execute git
2024-08-19 11:34:54.347 [info] > git rev-parse --show-toplevel [4ms]
2024-08-19 11:34:54.356 [info] > git rev-parse --git-dir --git-common-dir [4ms]
2024-08-19 11:34:54.360 [info] [Model][openRepository] Opened repository: /workspace
2024-08-19 11:34:54.371 [info] > git config --get commit.template [4ms]
2024-08-19 11:34:54.377 [info] > git for-each-ref --format=%(refname)%00%(upstream:short)%00%(objectname)%00%(upstream:track)%00%(upstream:remotename)%00%(upstream:remoteref) refs/heads/master refs/remotes/master [1ms]
2024-08-19 11:34:54.387 [info] > git status -z -uall [5ms]
2024-08-19 11:34:54.414 [info] > git for-each-ref --format=%(refname)%00%(upstream:short)%00%(objectname)%00%(upstream:track)%00%(upstream:remotename)%00%(upstream:remoteref) refs/heads/master refs/remotes/master [18ms]
2024-08-19 11:34:54.420 [info] > git config --get commit.template [6ms]
2024-08-19 11:34:54.426 [info] > git config --local branch.master.vscode-merge-base [6ms]
2024-08-19 11:34:54.426 [warning] [Git][config] git config failed: Failed to execute git
2024-08-19 11:34:54.432 [info] > git for-each-ref --format=%(refname)%00%(upstream:short)%00%(objectname)%00%(upstream:track)%00%(upstream:remotename)%00%(upstream:remoteref) refs/heads/master refs/remotes/master [6ms]
2024-08-19 11:34:54.437 [info] > git reflog master --grep-reflog=branch: Created from *. [5ms]
2024-08-19 11:34:54.445 [info] > git status -z -uall [8ms]
2024-08-19 11:34:54.557 [info] > git for-each-ref --format=%(refname)%00%(upstream:short)%00%(objectname)%00%(upstream:track)%00%(upstream:remotename)%00%(upstream:remoteref) refs/heads/master refs/remotes/master [105ms]
2024-08-19 11:34:54.564 [info] > git symbolic-ref --short refs/remotes/origin/HEAD [121ms]
2024-08-19 11:34:54.564 [info] fatal: ref refs/remotes/origin/HEAD is not a symbolic ref
2024-08-19 11:34:54.567 [info] > git config --local branch.master.vscode-merge-base [3ms]
2024-08-19 11:34:54.567 [warning] [Git][config] git config failed: Failed to execute git
2024-08-19 11:34:54.576 [info] > git reflog master --grep-reflog=branch: Created from *. [3ms]
2024-08-19 11:34:54.584 [info] > git symbolic-ref --short refs/remotes/origin/HEAD [2ms]
2024-08-19 11:34:54.584 [info] fatal: ref refs/remotes/origin/HEAD is not a symbolic ref
2024-08-19 11:34:55.202 [info] > git check-ignore -v -z --stdin [7ms]
2024-08-19 11:34:55.203 [info] > git check-ignore -v -z --stdin [2ms]
2024-08-19 11:34:56.030 [info] > git config --local branch.master.github-pr-owner-number [2ms]
2024-08-19 11:34:56.030 [warning] [Git][config] git config failed: Failed to execute git
2024-08-19 11:34:56.036 [info] > git config --local branch.master.remote [2ms]
2024-08-19 11:34:56.036 [warning] [Git][config] git config failed: Failed to execute git
2024-08-19 11:34:56.042 [info] > git config --local branch.master.merge [1ms]
2024-08-19 11:34:56.042 [warning] [Git][config] git config failed: Failed to execute git
2024-08-19 11:34:57.672 [info] > git check-ignore -v -z --stdin [2ms]
2024-08-19 11:35:00.883 [info] > git config --get commit.template [7ms]
2024-08-19 11:35:00.885 [info] > git for-each-ref --format=%(refname)%00%(upstream:short)%00%(objectname)%00%(upstream:track)%00%(upstream:remotename)%00%(upstream:remoteref) refs/heads/master refs/remotes/master [2ms]
2024-08-19 11:35:00.896 [info] > git status -z -uall [5ms]
2024-08-19 11:35:00.918 [info] > git for-each-ref --format=%(refname)%00%(upstream:short)%00%(objectname)%00%(upstream:track)%00%(upstream:remotename)%00%(upstream:remoteref) refs/heads/master refs/remotes/master [15ms]
2024-08-19 11:35:00.925 [info] > git config --local branch.master.github-pr-owner-number [7ms]
2024-08-19 11:35:00.925 [warning] [Git][config] git config failed: Failed to execute git
2024-08-19 11:35:00.931 [info] > git config --local branch.master.vscode-merge-base [7ms]
2024-08-19 11:35:00.931 [warning] [Git][config] git config failed: Failed to execute git
2024-08-19 11:35:00.937 [info] > git config --local branch.master.remote [7ms]
2024-08-19 11:35:00.937 [warning] [Git][config] git config failed: Failed to execute git
2024-08-19 11:35:00.943 [info] > git reflog master --grep-reflog=branch: Created from *. [7ms]
2024-08-19 11:35:00.949 [info] > git config --local branch.master.merge [6ms]
2024-08-19 11:35:00.949 [warning] [Git][config] git config failed: Failed to execute git
2024-08-19 11:35:00.951 [info] > git symbolic-ref --short refs/remotes/origin/HEAD [1ms]
2024-08-19 11:35:00.951 [info] fatal: ref refs/remotes/origin/HEAD is not a symbolic ref
2024-08-19 11:35:05.926 [info] > git config --get commit.template [7ms]
2024-08-19 11:35:05.928 [info] > git for-each-ref --format=%(refname)%00%(upstream:short)%00%(objectname)%00%(upstream:track)%00%(upstream:remotename)%00%(upstream:remoteref) refs/heads/master refs/remotes/master [3ms]
2024-08-19 11:35:05.941 [info] > git status -z -uall [5ms]
2024-08-19 11:35:05.962 [info] > git for-each-ref --format=%(refname)%00%(upstream:short)%00%(objectname)%00%(upstream:track)%00%(upstream:remotename)%00%(upstream:remoteref) refs/heads/master refs/remotes/master [14ms]
2024-08-19 11:35:05.968 [info] > git config --local branch.master.github-pr-owner-number [7ms]
2024-08-19 11:35:05.968 [warning] [Git][config] git config failed: Failed to execute git
2024-08-19 11:35:05.974 [info] > git config --local branch.master.vscode-merge-base [7ms]
2024-08-19 11:35:05.974 [warning] [Git][config] git config failed: Failed to execute git
2024-08-19 11:35:05.980 [info] > git config --local branch.master.remote [7ms]
2024-08-19 11:35:05.980 [warning] [Git][config] git config failed: Failed to execute git
2024-08-19 11:35:05.986 [info] > git reflog master --grep-reflog=branch: Created from *. [6ms]
2024-08-19 11:35:05.992 [info] > git config --local branch.master.merge [6ms]
2024-08-19 11:35:05.992 [warning] [Git][config] git config failed: Failed to execute git
2024-08-19 11:35:05.993 [info] > git symbolic-ref --short refs/remotes/origin/HEAD [2ms]
2024-08-19 11:35:05.993 [info] fatal: ref refs/remotes/origin/HEAD is not a symbolic ref
2024-08-19 11:35:39.426 [info] > git config --get commit.template [7ms]
2024-08-19 11:35:39.427 [info] > git for-each-ref --format=%(refname)%00%(upstream:short)%00%(objectname)%00%(upstream:track)%00%(upstream:remotename)%00%(upstream:remoteref) refs/heads/master refs/remotes/master [2ms]
2024-08-19 11:35:39.435 [info] > git status -z -uall [4ms]
2024-08-19 11:35:39.446 [info] > git for-each-ref --format=%(refname)%00%(upstream:short)%00%(objectname)%00%(upstream:track)%00%(upstream:remotename)%00%(upstream:remoteref) refs/heads/master refs/remotes/master [5ms]
2024-08-19 11:35:39.454 [info] > git config --local branch.master.vscode-merge-base [1ms]
2024-08-19 11:35:39.454 [warning] [Git][config] git config failed: Failed to execute git
2024-08-19 11:35:39.461 [info] > git reflog master --grep-reflog=branch: Created from *. [2ms]
2024-08-19 11:35:39.467 [info] > git symbolic-ref --short refs/remotes/origin/HEAD [1ms]
2024-08-19 11:35:39.467 [info] fatal: ref refs/remotes/origin/HEAD is not a symbolic ref
2024-08-19 11:35:43.678 [info] > git check-ignore -v -z --stdin [2ms]
2024-08-19 11:35:44.459 [info] > git config --get commit.template [6ms]
2024-08-19 11:35:44.460 [info] > git for-each-ref --format=%(refname)%00%(upstream:short)%00%(objectname)%00%(upstream:track)%00%(upstream:remotename)%00%(upstream:remoteref) refs/heads/master refs/remotes/master [2ms]
2024-08-19 11:35:44.469 [info] > git status -z -uall [5ms]
2024-08-19 11:35:44.481 [info] > git for-each-ref --format=%(refname)%00%(upstream:short)%00%(objectname)%00%(upstream:track)%00%(upstream:remotename)%00%(upstream:remoteref) refs/heads/master refs/remotes/master [6ms]
2024-08-19 11:35:44.487 [info] > git config --local branch.master.vscode-merge-base [1ms]
2024-08-19 11:35:44.487 [warning] [Git][config] git config failed: Failed to execute git
2024-08-19 11:35:44.494 [info] > git reflog master --grep-reflog=branch: Created from *. [2ms]
2024-08-19 11:35:44.500 [info] > git symbolic-ref --short refs/remotes/origin/HEAD [2ms]
2024-08-19 11:35:44.500 [info] fatal: ref refs/remotes/origin/HEAD is not a symbolic ref
2024-08-19 11:35:46.393 [info] > git check-ignore -v -z --stdin [2ms]
2024-08-19 11:35:49.470 [info] > git check-ignore -v -z --stdin [1ms]
2024-08-19 11:35:49.493 [info] > git config --get commit.template [6ms]
2024-08-19 11:35:49.494 [info] > git for-each-ref --format=%(refname)%00%(upstream:short)%00%(objectname)%00%(upstream:track)%00%(upstream:remotename)%00%(upstream:remoteref) refs/heads/master refs/remotes/master [2ms]
2024-08-19 11:35:49.503 [info] > git status -z -uall [4ms]
2024-08-19 11:35:49.515 [info] > git for-each-ref --format=%(refname)%00%(upstream:short)%00%(objectname)%00%(upstream:track)%00%(upstream:remotename)%00%(upstream:remoteref) refs/heads/master refs/remotes/master [6ms]
2024-08-19 11:35:49.522 [info] > git config --local branch.master.vscode-merge-base [2ms]
2024-08-19 11:35:49.522 [warning] [Git][config] git config failed: Failed to execute git
2024-08-19 11:35:49.529 [info] > git reflog master --grep-reflog=branch: Created from *. [3ms]
2024-08-19 11:35:49.535 [info] > git symbolic-ref --short refs/remotes/origin/HEAD [2ms]
2024-08-19 11:35:49.535 [info] fatal: ref refs/remotes/origin/HEAD is not a symbolic ref
2024-08-19 11:35:54.527 [info] > git config --get commit.template [6ms]
2024-08-19 11:35:54.528 [info] > git for-each-ref --format=%(refname)%00%(upstream:short)%00%(objectname)%00%(upstream:track)%00%(upstream:remotename)%00%(upstream:remoteref) refs/heads/master refs/remotes/master [2ms]
2024-08-19 11:35:54.538 [info] > git status -z -uall [4ms]
2024-08-19 11:35:54.550 [info] > git for-each-ref --format=%(refname)%00%(upstream:short)%00%(objectname)%00%(upstream:track)%00%(upstream:remotename)%00%(upstream:remoteref) refs/heads/master refs/remotes/master [5ms]
2024-08-19 11:35:54.557 [info] > git config --local branch.master.vscode-merge-base [1ms]
2024-08-19 11:35:54.557 [warning] [Git][config] git config failed: Failed to execute git
2024-08-19 11:35:54.565 [info] > git reflog master --grep-reflog=branch: Created from *. [2ms]
2024-08-19 11:35:54.572 [info] > git symbolic-ref --short refs/remotes/origin/HEAD [2ms]
2024-08-19 11:35:54.572 [info] fatal: ref refs/remotes/origin/HEAD is not a symbolic ref
2024-08-19 11:35:55.439 [info] > git merge-base refs/heads/main refs/remotes/origin/main [8ms]
2024-08-19 11:35:55.440 [info] > git log --format=%H%n%aN%n%aE%n%at%n%ct%n%P%n%D%n%B -z -n32 --max-parents=0 --topo-order --decorate=full HEAD [2ms]
2024-08-19 11:35:55.811 [info] > git show -s --decorate=full --shortstat --format=%H%n%aN%n%aE%n%at%n%ct%n%P%n%D%n%B -z ebef6c6b5a5bd079e5abd81c2740b1261740ce15 [6ms]
2024-08-19 11:35:55.827 [info] > git show -s --decorate=full --shortstat --format=%H%n%aN%n%aE%n%at%n%ct%n%P%n%D%n%B -z bcccfc0628f418c909f783674ed9eaf9148b333e [10ms]
2024-08-19 11:35:55.828 [info] > git log --format=%H%n%aN%n%aE%n%at%n%ct%n%P%n%D%n%B -z --shortstat --diff-merges=first-parent ebef6c6b5a5bd079e5abd81c2740b1261740ce15.. --topo-order --decorate=full refs/heads/main refs/remotes/origin/main [18ms]
2024-08-19 11:35:55.831 [info] > git log --format=%H%n%aN%n%aE%n%at%n%ct%n%P%n%D%n%B -z --shortstat --diff-merges=first-parent bcccfc0628f418c909f783674ed9eaf9148b333e.. --topo-order --decorate=full refs/heads/master [5ms]
2024-08-19 11:35:58.742 [info] > git merge-base refs/heads/main refs/remotes/origin/main [10ms]
2024-08-19 11:35:59.173 [info] > git show -s --decorate=full --shortstat --format=%H%n%aN%n%aE%n%at%n%ct%n%P%n%D%n%B -z ebef6c6b5a5bd079e5abd81c2740b1261740ce15 [6ms]
2024-08-19 11:35:59.178 [info] > git log --format=%H%n%aN%n%aE%n%at%n%ct%n%P%n%D%n%B -z --shortstat --diff-merges=first-parent ebef6c6b5a5bd079e5abd81c2740b1261740ce15.. --topo-order --decorate=full refs/heads/main refs/remotes/origin/main [6ms]
2024-08-19 11:35:59.242 [info] > git check-ignore -v -z --stdin [2ms]
2024-08-19 11:35:59.563 [info] > git config --get commit.template [7ms]
2024-08-19 11:35:59.564 [info] > git for-each-ref --format=%(refname)%00%(upstream:short)%00%(objectname)%00%(upstream:track)%00%(upstream:remotename)%00%(upstream:remoteref) refs/heads/master refs/remotes/master [2ms]
2024-08-19 11:35:59.575 [info] > git status -z -uall [5ms]
2024-08-19 11:35:59.587 [info] > git for-each-ref --format=%(refname)%00%(upstream:short)%00%(objectname)%00%(upstream:track)%00%(upstream:remotename)%00%(upstream:remoteref) refs/heads/master refs/remotes/master [5ms]
2024-08-19 11:35:59.594 [info] > git config --local branch.master.vscode-merge-base [2ms]
2024-08-19 11:35:59.594 [warning] [Git][config] git config failed: Failed to execute git
2024-08-19 11:35:59.601 [info] > git reflog master --grep-reflog=branch: Created from *. [2ms]
2024-08-19 11:35:59.607 [info] > git symbolic-ref --short refs/remotes/origin/HEAD [2ms]
2024-08-19 11:35:59.607 [info] fatal: ref refs/remotes/origin/HEAD is not a symbolic ref
2024-08-19 11:36:01.577 [info] > git log --format=%H%n%aN%n%aE%n%at%n%ct%n%P%n%D%n%B -z -n32 --max-parents=0 --topo-order --decorate=full HEAD [3ms]
2024-08-19 11:36:02.685 [info] > git show -s --decorate=full --shortstat --format=%H%n%aN%n%aE%n%at%n%ct%n%P%n%D%n%B -z bcccfc0628f418c909f783674ed9eaf9148b333e [6ms]
2024-08-19 11:36:02.688 [info] > git log --format=%H%n%aN%n%aE%n%at%n%ct%n%P%n%D%n%B -z --shortstat --diff-merges=first-parent bcccfc0628f418c909f783674ed9eaf9148b333e.. --topo-order --decorate=full refs/heads/master [3ms]
2024-08-19 11:36:04.601 [info] > git config --get commit.template [6ms]
2024-08-19 11:36:04.602 [info] > git for-each-ref --format=%(refname)%00%(upstream:short)%00%(objectname)%00%(upstream:track)%00%(upstream:remotename)%00%(upstream:remoteref) refs/heads/master refs/remotes/master [2ms]
2024-08-19 11:36:04.611 [info] > git status -z -uall [4ms]
2024-08-19 11:36:04.623 [info] > git for-each-ref --format=%(refname)%00%(upstream:short)%00%(objectname)%00%(upstream:track)%00%(upstream:remotename)%00%(upstream:remoteref) refs/heads/master refs/remotes/master [5ms]
2024-08-19 11:36:04.629 [info] > git config --local branch.master.vscode-merge-base [2ms]
2024-08-19 11:36:04.629 [warning] [Git][config] git config failed: Failed to execute git
2024-08-19 11:36:04.636 [info] > git reflog master --grep-reflog=branch: Created from *. [2ms]
2024-08-19 11:36:04.644 [info] > git symbolic-ref --short refs/remotes/origin/HEAD [1ms]
2024-08-19 11:36:04.644 [info] fatal: ref refs/remotes/origin/HEAD is not a symbolic ref
2024-08-19 11:36:07.667 [info] > git add -A -- . [3ms]
2024-08-19 11:36:09.634 [info] > git config --get commit.template [6ms]
2024-08-19 11:36:09.635 [info] > git for-each-ref --format=%(refname)%00%(upstream:short)%00%(objectname)%00%(upstream:track)%00%(upstream:remotename)%00%(upstream:remoteref) refs/heads/master refs/remotes/master [2ms]
2024-08-19 11:36:09.643 [info] > git status -z -uall [4ms]
2024-08-19 11:36:09.653 [info] > git for-each-ref --format=%(refname)%00%(upstream:short)%00%(objectname)%00%(upstream:track)%00%(upstream:remotename)%00%(upstream:remoteref) refs/heads/master refs/remotes/master [4ms]
2024-08-19 11:36:09.659 [info] > git config --local branch.master.vscode-merge-base [1ms]
2024-08-19 11:36:09.659 [warning] [Git][config] git config failed: Failed to execute git
2024-08-19 11:36:09.666 [info] > git reflog master --grep-reflog=branch: Created from *. [2ms]
2024-08-19 11:36:09.672 [info] > git symbolic-ref --short refs/remotes/origin/HEAD [2ms]
2024-08-19 11:36:09.672 [info] fatal: ref refs/remotes/origin/HEAD is not a symbolic ref
2024-08-19 11:36:10.581 [info] > git check-ignore -v -z --stdin [1ms]
2024-08-19 11:36:10.722 [info] > git show --textconv :.git/COMMIT_EDITMSG [7ms]
2024-08-19 11:36:10.723 [info] > git ls-files --stage -- /workspace/project/.git/COMMIT_EDITMSG [2ms]
