2024-08-19 11:34:33.339 [info] Log level: Info
2024-08-19 11:34:33.339 [info] VSCODE_MACHINE_ID: dbe8deed-1dbb-4dca-a55e-88c5ee7ef259
2024-08-19 11:34:33.339 [info] VSCODE_SESSION_ID: 084e66d0-596f-40cf-9a4c-c102cf9ac7e41724067266219
2024-08-19 11:34:33.339 [info] VSCODE_VERSION: 1.92.1
2024-08-19 11:34:33.339 [info] VSCODE_APP_NAME: Gitpod Code
2024-08-19 11:34:33.339 [info] VSCODE_APP_HOST: Gitpod
2024-08-19 11:34:33.339 [info] VSCODE_UI_KIND: web
2024-08-19 11:34:33.339 [info] GITPOD_WORKSPACE_CONTEXT_URL: https://github.com/freeCodeCamp/learn-celestial-bodies-database
2024-08-19 11:34:33.339 [info] GITPOD_INSTANCE_ID: 9413e30a-58ad-4fd0-9231-1bc1d377c270
2024-08-19 11:34:33.339 [info] GITPOD_WORKSPACE_URL: https://freecodecam-learncelest-7yw2ous7i5y.ws-us115.gitpod.io
2024-08-19 11:34:33.339 [info] Gitpod Web 7ff72a2
2024-08-19 11:34:33.339 [info] Reading sessions from keychain...
2024-08-19 11:34:33.656 [info] Getting sessions for all scopes...
2024-08-19 11:34:33.656 [info] Getting GitHub sessions for all scopes...
2024-08-19 11:34:33.656 [info] Getting sessions for function:accessCodeSyncStorage...
2024-08-19 11:34:33.656 [info] Got 1 GitHub sessions for all scopes...
2024-08-19 11:34:33.656 [info] Got stored sessions!
2024-08-19 11:34:33.657 [info] Verified session with the following scopes: function:accessCodeSyncStorage function:closePort function:controlAdmission function:deleteEnvVar function:generateNewGitpodToken function:getDefaultWorkspaceImage function:getEnvVars function:getGitpodTokenScopes function:getIDToken function:getLoggedInUser function:getOpenPorts function:getSupportedWorkspaceClasses function:getTeams function:getToken function:getWorkspace function:getWorkspaceEnvVars function:getWorkspaceOwner function:getWorkspaceTimeout function:getWorkspaceUsers function:guessGitTokenScopes function:isWorkspaceOwner function:openPort function:sendHeartBeat function:setEnvVar function:setWorkspaceTimeout function:stopWorkspace function:takeSnapshot function:trackEvent function:updateGitStatus function:waitForSnapshot resource:contentBlob::*::create/get resource:envVar::freeCodeCamp/learn-celestial-bodies-database::create/get/update/delete resource:gitpodToken::*::create resource:snapshot::ws-freecodecam-learncelest-7yw2ous7i5y::create resource:token::*::get resource:userStorage::*::create/get/update resource:workspace::freecodecam-learncelest-7yw2ous7i5y::get/update resource:workspaceInstance::9413e30a-58ad-4fd0-9231-1bc1d377c270::get/update/delete
2024-08-19 11:34:33.657 [info] Got 1 verified sessions.
2024-08-19 11:34:33.657 [info] Got 1 sessions for all scopes...
2024-08-19 11:34:33.657 [info] Got 1 sessions for function:accessCodeSyncStorage...
2024-08-19 11:34:34.035 [info] Getting GitHub sessions for all scopes...
2024-08-19 11:34:34.035 [info] Getting sessions for all scopes...
2024-08-19 11:34:34.035 [info] Got 1 GitHub sessions for all scopes...
2024-08-19 11:34:34.035 [info] Got 1 sessions for all scopes...
2024-08-19 11:34:35.132 [info] Getting GitHub sessions for read:user,repo,user:email,workflow...
2024-08-19 11:34:35.132 [info] Got 0 GitHub sessions for read:user,repo,user:email,workflow...
2024-08-19 11:34:36.609 [info] Getting GitHub sessions for project,read:org,read:user,repo,user:email,workflow...
2024-08-19 11:34:36.609 [info] Got 0 GitHub sessions for project,read:org,read:user,repo,user:email,workflow...
2024-08-19 11:34:38.100 [info] Getting GitHub sessions for read:user,repo,user:email,workflow...
2024-08-19 11:34:38.100 [info] Got 0 GitHub sessions for read:user,repo,user:email,workflow...
2024-08-19 11:34:39.565 [info] Getting GitHub sessions for read:user,repo,user:email...
2024-08-19 11:34:39.565 [info] Got 0 GitHub sessions for read:user,repo,user:email...
2024-08-19 11:34:40.573 [info] Getting GitHub sessions for read:user,repo,user:email,workflow...
2024-08-19 11:34:40.573 [info] Got 0 GitHub sessions for read:user,repo,user:email,workflow...
2024-08-19 11:34:55.408 [info] Getting GitHub sessions for read:user,repo,user:email,workflow...
2024-08-19 11:34:55.408 [info] Got 0 GitHub sessions for read:user,repo,user:email,workflow...
